Using pre-set license
Built from '2020.2/staging' branch; Version is '2020.2.3f1 (8ff31bc5bf5b) revision 9433883'; Using compiler version '192528614'; Build Type 'Release'
OS: 'Windows 10 Enterprise; OS build 19042.804; Version 2009; 64bit' Language: 'en' Physical Memory: 8157 MB
BatchMode: 1, IsHumanControllingUs: 0, StartBugReporterOnCrash: 0, Is64bit: 1, IsPro: 0

 COMMAND LINE ARGUMENTS:
D:\Program Files\Unity\2020.2.3f1\Editor\Unity.exe
-adb2
-batchMode
-noUpm
-name
AssetImportWorker0
-projectPath
E:/Prace programowanie/Kurs-CS/First Steps
-logFile
Logs/AssetImportWorker0.log
-srvPort
51513
Successfully changed project path to: E:/Prace programowanie/Kurs-CS/First Steps
E:/Prace programowanie/Kurs-CS/First Steps
Using Asset Import Pipeline V2.
Refreshing native plugins compatible for Editor in 24.75 ms, found 0 plugins.
Preloading 0 native plugins for Editor in 0.00 ms.
Initialize engine version: 2020.2.3f1 (8ff31bc5bf5b)
[Subsystems] Discovering subsystems at path D:/Program Files/Unity/2020.2.3f1/Editor/Data/Resources/UnitySubsystems
[Subsystems] Discovering subsystems at path E:/Prace programowanie/Kurs-CS/First Steps/Assets
GfxDevice: creating device client; threaded=0
Direct3D:
    Version:  Direct3D 11.0 [level 11.1]
    Renderer: NVIDIA GeForce GTX 1050 Ti (ID=0x1c82)
    Vendor:   
    VRAM:     4018 MB
    Driver:   27.21.14.6140
Initialize mono
Mono path[0] = 'D:/Program Files/Unity/2020.2.3f1/Editor/Data/Managed'
Mono path[1] = 'D:/Program Files/Unity/2020.2.3f1/Editor/Data/MonoBleedingEdge/lib/mono/unityjit'
Mono config path = 'D:/Program Files/Unity/2020.2.3f1/Editor/Data/MonoBleedingEdge/etc'
Using monoOptions --debugger-agent=transport=dt_socket,embedding=1,server=y,suspend=n,address=127.0.0.1:56824
Begin MonoManager ReloadAssembly
Registering precompiled unity dll's ...
Register platform support module: D:/Program Files/Unity/2020.2.3f1/Editor/Data/PlaybackEngines/WindowsStandaloneSupport/UnityEditor.WindowsStandalone.Extensions.dll
Registered in 0.001157 seconds.
Native extension for WindowsStandalone target not found
Refreshing native plugins compatible for Editor in 23.91 ms, found 0 plugins.
Preloading 0 native plugins for Editor in 0.00 ms.
Invoked RoslynAnalysisRunner static constructor.
RoslynAnalysisRunner will not be running.
RoslynAnalysisRunner has terminated.
Mono: successfully reloaded assembly
- Completed reload, in  0.948 seconds
Platform modules already initialized, skipping
Registering precompiled user dll's ...
Registered in 0.000544 seconds.
Begin MonoManager ReloadAssembly
Native extension for WindowsStandalone target not found
Refreshing native plugins compatible for Editor in 0.20 ms, found 0 plugins.
Preloading 0 native plugins for Editor in 0.00 ms.
Invoked RoslynAnalysisRunner static constructor.
RoslynAnalysisRunner will not be running.
RoslynAnalysisRunner has terminated.
Mono: successfully reloaded assembly
- Completed reload, in  0.849 seconds
Platform modules already initialized, skipping
========================================================================
Worker process is ready to serve import requests
Launched and connected shader compiler UnityShaderCompiler.exe after 0.10 seconds
Refreshing native plugins compatible for Editor in 0.22 ms, found 0 plugins.
Preloading 0 native plugins for Editor in 0.00 ms.
Unloading 1099 Unused Serialized files (Serialized files now loaded: 0)
System memory in use before: 56.6 MB.
System memory in use after: 56.7 MB.

Unloading 10 unused Assets to reduce memory usage. Loaded Objects now: 1540.
Total: 1.953000 ms (FindLiveObjects: 0.156200 ms CreateObjectMapping: 0.047800 ms MarkObjects: 1.630600 ms  DeleteObjects: 0.117300 ms)

========================================================================
Received Import Request.
  path: Assets
  artifactKey: Guid(00000000000000001000000000000000) Importer(815301076,1909f56bfc062723c751e8b465ee728b)
Start importing Assets using Guid(00000000000000001000000000000000) Importer(815301076,1909f56bfc062723c751e8b465ee728b)  -> (artifact id: '653ce283d384579a24208b2e4d727c2a') in 0.007706 seconds
  Import took 0.009789 seconds .

========================================================================
Received Import Request.
  Time since last request: 0.000258 seconds.
  path: Assets/Scenes
  artifactKey: Guid(2e390e671d5f85f41a0eed3af467d73a) Importer(815301076,1909f56bfc062723c751e8b465ee728b)
Start importing Assets/Scenes using Guid(2e390e671d5f85f41a0eed3af467d73a) Importer(815301076,1909f56bfc062723c751e8b465ee728b)  -> (artifact id: 'b59b9cd74b1e61fa29851c91a233d5fc') in 0.006016 seconds
  Import took 0.007861 seconds .

========================================================================
Received Import Request.
  Time since last request: 0.000291 seconds.
  path: Assets/Tank.prefab
  artifactKey: Guid(7d45145dd9929f0469a8f4a9194dd6f8) Importer(815301076,1909f56bfc062723c751e8b465ee728b)
Start importing Assets/Tank.prefab using Guid(7d45145dd9929f0469a8f4a9194dd6f8) Importer(815301076,1909f56bfc062723c751e8b465ee728b)  -> (artifact id: '351f78b055973accc2aa2537354eac90') in 1.202508 seconds
  Import took 1.204802 seconds .

========================================================================
Received Import Request.
  Time since last request: 268.600952 seconds.
  path: Assets/Tank.prefab
  artifactKey: Guid(7d45145dd9929f0469a8f4a9194dd6f8) Importer(815301076,1909f56bfc062723c751e8b465ee728b)
Start importing Assets/Tank.prefab using Guid(7d45145dd9929f0469a8f4a9194dd6f8) Importer(815301076,1909f56bfc062723c751e8b465ee728b)  -> (artifact id: 'ea35b928458588fe28238634c33e3955') in 0.017972 seconds
  Import took 0.022452 seconds .

========================================================================
Received Import Request.
  Time since last request: 2.497656 seconds.
  path: Assets/Tank.prefab
  artifactKey: Guid(7d45145dd9929f0469a8f4a9194dd6f8) Importer(815301076,1909f56bfc062723c751e8b465ee728b)
Start importing Assets/Tank.prefab using Guid(7d45145dd9929f0469a8f4a9194dd6f8) Importer(815301076,1909f56bfc062723c751e8b465ee728b)  -> (artifact id: '69aec68649061e072529b7dbc998c45e') in 0.016685 seconds
  Import took 0.020834 seconds .

========================================================================
Received Import Request.
  Time since last request: 4.015617 seconds.
  path: Assets/Tank.prefab
  artifactKey: Guid(7d45145dd9929f0469a8f4a9194dd6f8) Importer(815301076,1909f56bfc062723c751e8b465ee728b)
Start importing Assets/Tank.prefab using Guid(7d45145dd9929f0469a8f4a9194dd6f8) Importer(815301076,1909f56bfc062723c751e8b465ee728b)  -> (artifact id: '8c897cb590c02b6b3ccd99bc1ac6c021') in 0.018757 seconds
  Import took 0.021758 seconds .

========================================================================
Received Import Request.
  Time since last request: 2.800002 seconds.
  path: Assets/Tank.prefab
  artifactKey: Guid(7d45145dd9929f0469a8f4a9194dd6f8) Importer(815301076,1909f56bfc062723c751e8b465ee728b)
Start importing Assets/Tank.prefab using Guid(7d45145dd9929f0469a8f4a9194dd6f8) Importer(815301076,1909f56bfc062723c751e8b465ee728b)  -> (artifact id: '620fed9387b1858a9a562e8bf69f45bf') in 0.012716 seconds
  Import took 0.015546 seconds .

========================================================================
Received Import Request.
  Time since last request: 618.242087 seconds.
  path: Assets/Motorbike.prefab
  artifactKey: Guid(8cf2084a43b2e534e82c8ca7cf3839bc) Importer(815301076,1909f56bfc062723c751e8b465ee728b)
Start importing Assets/Motorbike.prefab using Guid(8cf2084a43b2e534e82c8ca7cf3839bc) Importer(815301076,1909f56bfc062723c751e8b465ee728b)  -> (artifact id: '90a852dbf627f82d94d836e3c98aadc2') in 0.029229 seconds
  Import took 0.032679 seconds .

========================================================================
Received Import Request.
  Time since last request: 0.004518 seconds.
  path: Assets/Motorbike.prefab
  artifactKey: Guid(8cf2084a43b2e534e82c8ca7cf3839bc) Importer(815301076,1909f56bfc062723c751e8b465ee728b)
Start importing Assets/Motorbike.prefab using Guid(8cf2084a43b2e534e82c8ca7cf3839bc) Importer(815301076,1909f56bfc062723c751e8b465ee728b)  -> (artifact id: '90a852dbf627f82d94d836e3c98aadc2') in 0.011358 seconds
  Import took 0.014873 seconds .

